--- run-dynamic.sh ---
SLURM_LOCALID 1
SLURMD_NODENAME v031
--- run-dynamic.sh ---
SLURM_LOCALID 2
SLURMD_NODENAME v031
--- run-dynamic.sh ---
--- run-dynamic.sh ---
SLURM_LOCALID 4
SLURMD_NODENAME v031
SLURM_LOCALID 3
SLURMD_NODENAME v031
--- run-dynamic.sh ---
SLURM_LOCALID 0
SLURMD_NODENAME v031
 
Current conda env:
/jet/home/jlin96/.conda/envs/tf2
 
 
Current conda env:
/jet/home/jlin96/.conda/envs/tf2
 
 
Current conda env:
/jet/home/jlin96/.conda/envs/tf2
 
 
Current conda env:
/jet/home/jlin96/.conda/envs/tf2
 
 
Current conda env:
/jet/home/jlin96/.conda/envs/tf2
 
srun: Job step aborted: Waiting up to 302 seconds for job step to finish.
slurmstepd: error: *** JOB 16526108 ON v031 CANCELLED AT 2023-05-25T08:11:33 DUE TO TIME LIMIT ***
slurmstepd: error: *** STEP 16526108.0 ON v031 CANCELLED AT 2023-05-25T08:11:33 DUE TO TIME LIMIT ***
