2023-05-29 23:18:51.771438: I tensorflow/core/platform/cpu_feature_guard.cc:193] This TensorFlow binary is optimized with oneAPI Deep Neural Network Library (oneDNN) to use the following CPU instructions in performance-critical operations:  AVX2 AVX512F FMA
To enable them in other operations, rebuild TensorFlow with the appropriate compiler flags.
2023-05-29 23:19:04.399370: E tensorflow/stream_executor/cuda/cuda_blas.cc:2981] Unable to register cuBLAS factory: Attempting to register factory for plugin cuBLAS when one has already been registered
2023-05-29 23:19:28.797034: W tensorflow/stream_executor/platform/default/dso_loader.cc:64] Could not load dynamic library 'libnvinfer.so.7'; dlerror: libnvinfer.so.7: cannot open shared object file: No such file or directory; LD_LIBRARY_PATH: :/jet/home/jlin96/.conda/envs/bair/lib/:/jet/home/jlin96/.conda/envs/bair/lib/
2023-05-29 23:19:28.797480: W tensorflow/stream_executor/platform/default/dso_loader.cc:64] Could not load dynamic library 'libnvinfer_plugin.so.7'; dlerror: libnvinfer_plugin.so.7: cannot open shared object file: No such file or directory; LD_LIBRARY_PATH: :/jet/home/jlin96/.conda/envs/bair/lib/:/jet/home/jlin96/.conda/envs/bair/lib/
2023-05-29 23:19:28.797491: W tensorflow/compiler/tf2tensorrt/utils/py_utils.cc:38] TF-TRT Warning: Cannot dlopen some TensorRT libraries. If you would like to use Nvidia GPU with TensorRT, please make sure the missing libraries mentioned above are installed properly.
2023-05-29 23:22:06.776965: I tensorflow/core/platform/cpu_feature_guard.cc:193] This TensorFlow binary is optimized with oneAPI Deep Neural Network Library (oneDNN) to use the following CPU instructions in performance-critical operations:  AVX2 AVX512F FMA
To enable them in other operations, rebuild TensorFlow with the appropriate compiler flags.
2023-05-29 23:22:09.588728: I tensorflow/core/common_runtime/gpu/gpu_device.cc:1616] Created device /job:localhost/replica:0/task:0/device:GPU:0 with 14615 MB memory:  -> device: 0, name: Tesla V100-SXM2-16GB, pci bus id: 0000:16:00.0, compute capability: 7.0
<< set_environment START >>
node name: v025
procid:    1
oracle ip: v025
SY DEBUG: procid-1 / GPU-ID-1
KERASTUNER_TUNER_ID:    tuner-v025-1
KERASTUNER_ORACLE_IP:   v025.ib.bridges2.psc.edu
KERASTUNER_ORACLE_PORT: 8000
<< set_environment END >>
[PhysicalDevice(name='/physical_device:GPU:0', device_type='GPU')]
Model: "trial_model"
__________________________________________________________________________________________________
 Layer (type)                   Output Shape         Param #     Connected to                     
==================================================================================================
 input (InputLayer)             [(None, 124)]        0           []                               
                                                                                                  
 dense (Dense)                  (None, 128)          16000       ['input[0][0]']                  
                                                                                                  
 leaky_re_lu (LeakyReLU)        (None, 128)          0           ['dense[0][0]']                  
                                                                                                  
 dense_1 (Dense)                (None, 128)          16512       ['leaky_re_lu[0][0]']            
                                                                                                  
 leaky_re_lu_1 (LeakyReLU)      (None, 128)          0           ['dense_1[0][0]']                
                                                                                                  
 dense_2 (Dense)                (None, 128)          16512       ['leaky_re_lu_1[0][0]']          
                                                                                                  
 leaky_re_lu_2 (LeakyReLU)      (None, 128)          0           ['dense_2[0][0]']                
                                                                                                  
 dense_3 (Dense)                (None, 128)          16512       ['leaky_re_lu_2[0][0]']          
                                                                                                  
 leaky_re_lu_3 (LeakyReLU)      (None, 128)          0           ['dense_3[0][0]']                
                                                                                                  
 dense_4 (Dense)                (None, 128)          16512       ['leaky_re_lu_3[0][0]']          
                                                                                                  
 leaky_re_lu_4 (LeakyReLU)      (None, 128)          0           ['dense_4[0][0]']                
                                                                                                  
 dense_5 (Dense)                (None, 120)          15480       ['leaky_re_lu_4[0][0]']          
                                                                                                  
 dense_6 (Dense)                (None, 8)            1032        ['leaky_re_lu_4[0][0]']          
                                                                                                  
 concatenate (Concatenate)      (None, 128)          0           ['dense_5[0][0]',                
                                                                  'dense_6[0][0]']                
                                                                                                  
==================================================================================================
Total params: 98,560
Trainable params: 98,560
Non-trainable params: 0
__________________________________________________________________________________________________
None

Search: Running Trial #2

Value             |Best Value So Far |Hyperparameter
9                 |?                 |num_layers
128               |?                 |units_0
640               |?                 |units_1
1024              |?                 |units_2
1024              |?                 |units_3
320               |?                 |batch_size
RAdam             |?                 |optimizer

Model: "trial_model"
__________________________________________________________________________________________________
 Layer (type)                   Output Shape         Param #     Connected to                     
==================================================================================================
 input (InputLayer)             [(None, 124)]        0           []                               
                                                                                                  
 dense (Dense)                  (None, 128)          16000       ['input[0][0]']                  
                                                                                                  
 leaky_re_lu (LeakyReLU)        (None, 128)          0           ['dense[0][0]']                  
                                                                                                  
 dense_1 (Dense)                (None, 640)          82560       ['leaky_re_lu[0][0]']            
                                                                                                  
 leaky_re_lu_1 (LeakyReLU)      (None, 640)          0           ['dense_1[0][0]']                
                                                                                                  
 dense_2 (Dense)                (None, 1024)         656384      ['leaky_re_lu_1[0][0]']          
                                                                                                  
 leaky_re_lu_2 (LeakyReLU)      (None, 1024)         0           ['dense_2[0][0]']                
                                                                                                  
 dense_3 (Dense)                (None, 1024)         1049600     ['leaky_re_lu_2[0][0]']          
                                                                                                  
 leaky_re_lu_3 (LeakyReLU)      (None, 1024)         0           ['dense_3[0][0]']                
                                                                                                  
 dense_4 (Dense)                (None, 128)          131200      ['leaky_re_lu_3[0][0]']          
                                                                                                  
 leaky_re_lu_4 (LeakyReLU)      (None, 128)          0           ['dense_4[0][0]']                
                                                                                                  
 dense_5 (Dense)                (None, 128)          16512       ['leaky_re_lu_4[0][0]']          
                                                                                                  
 leaky_re_lu_5 (LeakyReLU)      (None, 128)          0           ['dense_5[0][0]']                
                                                                                                  
 dense_6 (Dense)                (None, 128)          16512       ['leaky_re_lu_5[0][0]']          
                                                                                                  
 leaky_re_lu_6 (LeakyReLU)      (None, 128)          0           ['dense_6[0][0]']                
                                                                                                  
 dense_7 (Dense)                (None, 128)          16512       ['leaky_re_lu_6[0][0]']          
                                                                                                  
 leaky_re_lu_7 (LeakyReLU)      (None, 128)          0           ['dense_7[0][0]']                
                                                                                                  
 dense_8 (Dense)                (None, 128)          16512       ['leaky_re_lu_7[0][0]']          
                                                                                                  
 leaky_re_lu_8 (LeakyReLU)      (None, 128)          0           ['dense_8[0][0]']                
                                                                                                  
 dense_9 (Dense)                (None, 128)          16512       ['leaky_re_lu_8[0][0]']          
                                                                                                  
 leaky_re_lu_9 (LeakyReLU)      (None, 128)          0           ['dense_9[0][0]']                
                                                                                                  
 dense_10 (Dense)               (None, 120)          15480       ['leaky_re_lu_9[0][0]']          
                                                                                                  
 dense_11 (Dense)               (None, 8)            1032        ['leaky_re_lu_9[0][0]']          
                                                                                                  
 concatenate (Concatenate)      (None, 128)          0           ['dense_10[0][0]',               
                                                                  'dense_11[0][0]']               
                                                                                                  
==================================================================================================
Total params: 2,034,816
Trainable params: 2,034,816
Non-trainable params: 0
__________________________________________________________________________________________________
None
Epoch 1/100
2019/2019 - 39s - loss: 0.0070 - mse: 0.0070 - mae: 0.0336 - accuracy: 0.9564 - val_loss: 0.0046 - val_mse: 0.0046 - val_mae: 0.0271 - val_accuracy: 0.9711 - 39s/epoch - 19ms/step
Epoch 2/100
2019/2019 - 29s - loss: 0.0044 - mse: 0.0044 - mae: 0.0259 - accuracy: 0.9733 - val_loss: 0.0043 - val_mse: 0.0043 - val_mae: 0.0257 - val_accuracy: 0.9757 - 29s/epoch - 14ms/step
Epoch 3/100
2019/2019 - 29s - loss: 0.0041 - mse: 0.0041 - mae: 0.0247 - accuracy: 0.9761 - val_loss: 0.0040 - val_mse: 0.0040 - val_mae: 0.0245 - val_accuracy: 0.9758 - 29s/epoch - 14ms/step
Epoch 4/100
2019/2019 - 30s - loss: 0.0039 - mse: 0.0039 - mae: 0.0239 - accuracy: 0.9778 - val_loss: 0.0039 - val_mse: 0.0039 - val_mae: 0.0238 - val_accuracy: 0.9769 - 30s/epoch - 15ms/step
Epoch 5/100
2019/2019 - 31s - loss: 0.0039 - mse: 0.0039 - mae: 0.0235 - accuracy: 0.9786 - val_loss: 0.0039 - val_mse: 0.0039 - val_mae: 0.0232 - val_accuracy: 0.9773 - 31s/epoch - 15ms/step
Epoch 6/100
2019/2019 - 29s - loss: 0.0038 - mse: 0.0038 - mae: 0.0231 - accuracy: 0.9791 - val_loss: 0.0038 - val_mse: 0.0038 - val_mae: 0.0233 - val_accuracy: 0.9796 - 29s/epoch - 14ms/step
Epoch 7/100
2019/2019 - 31s - loss: 0.0038 - mse: 0.0038 - mae: 0.0229 - accuracy: 0.9796 - val_loss: 0.0038 - val_mse: 0.0038 - val_mae: 0.0230 - val_accuracy: 0.9796 - 31s/epoch - 15ms/step
Epoch 8/100
2019/2019 - 30s - loss: 0.0037 - mse: 0.0037 - mae: 0.0228 - accuracy: 0.9799 - val_loss: 0.0038 - val_mse: 0.0038 - val_mae: 0.0228 - val_accuracy: 0.9793 - 30s/epoch - 15ms/step
Epoch 9/100
2019/2019 - 30s - loss: 0.0037 - mse: 0.0037 - mae: 0.0226 - accuracy: 0.9801 - val_loss: 0.0037 - val_mse: 0.0037 - val_mae: 0.0226 - val_accuracy: 0.9795 - 30s/epoch - 15ms/step
Epoch 10/100
2019/2019 - 31s - loss: 0.0037 - mse: 0.0037 - mae: 0.0225 - accuracy: 0.9803 - val_loss: 0.0037 - val_mse: 0.0037 - val_mae: 0.0228 - val_accuracy: 0.9804 - 31s/epoch - 15ms/step
Epoch 11/100
2019/2019 - 30s - loss: 0.0037 - mse: 0.0037 - mae: 0.0224 - accuracy: 0.9804 - val_loss: 0.0037 - val_mse: 0.0037 - val_mae: 0.0225 - val_accuracy: 0.9800 - 30s/epoch - 15ms/step
Epoch 12/100
2019/2019 - 31s - loss: 0.0037 - mse: 0.0037 - mae: 0.0223 - accuracy: 0.9804 - val_loss: 0.0037 - val_mse: 0.0037 - val_mae: 0.0225 - val_accuracy: 0.9799 - 31s/epoch - 15ms/step
Epoch 13/100
2019/2019 - 29s - loss: 0.0036 - mse: 0.0036 - mae: 0.0222 - accuracy: 0.9806 - val_loss: 0.0037 - val_mse: 0.0037 - val_mae: 0.0226 - val_accuracy: 0.9804 - 29s/epoch - 15ms/step
Epoch 14/100
2019/2019 - 30s - loss: 0.0036 - mse: 0.0036 - mae: 0.0222 - accuracy: 0.9806 - val_loss: 0.0037 - val_mse: 0.0037 - val_mae: 0.0224 - val_accuracy: 0.9805 - 30s/epoch - 15ms/step
Epoch 15/100
2019/2019 - 30s - loss: 0.0036 - mse: 0.0036 - mae: 0.0221 - accuracy: 0.9807 - val_loss: 0.0037 - val_mse: 0.0037 - val_mae: 0.0221 - val_accuracy: 0.9808 - 30s/epoch - 15ms/step
Epoch 16/100
2019/2019 - 30s - loss: 0.0036 - mse: 0.0036 - mae: 0.0221 - accuracy: 0.9808 - val_loss: 0.0038 - val_mse: 0.0038 - val_mae: 0.0227 - val_accuracy: 0.9797 - 30s/epoch - 15ms/step
Epoch 17/100
2019/2019 - 31s - loss: 0.0036 - mse: 0.0036 - mae: 0.0220 - accuracy: 0.9809 - val_loss: 0.0037 - val_mse: 0.0037 - val_mae: 0.0221 - val_accuracy: 0.9812 - 31s/epoch - 15ms/step
Epoch 18/100
2019/2019 - 30s - loss: 0.0036 - mse: 0.0036 - mae: 0.0220 - accuracy: 0.9810 - val_loss: 0.0037 - val_mse: 0.0037 - val_mae: 0.0220 - val_accuracy: 0.9809 - 30s/epoch - 15ms/step
Epoch 19/100
2019/2019 - 30s - loss: 0.0036 - mse: 0.0036 - mae: 0.0220 - accuracy: 0.9811 - val_loss: 0.0037 - val_mse: 0.0037 - val_mae: 0.0223 - val_accuracy: 0.9810 - 30s/epoch - 15ms/step
Epoch 20/100
2019/2019 - 30s - loss: 0.0036 - mse: 0.0036 - mae: 0.0219 - accuracy: 0.9812 - val_loss: 0.0037 - val_mse: 0.0037 - val_mae: 0.0221 - val_accuracy: 0.9797 - 30s/epoch - 15ms/step
Epoch 21/100
2019/2019 - 30s - loss: 0.0036 - mse: 0.0036 - mae: 0.0219 - accuracy: 0.9812 - val_loss: 0.0036 - val_mse: 0.0036 - val_mae: 0.0219 - val_accuracy: 0.9799 - 30s/epoch - 15ms/step
Epoch 22/100
2019/2019 - 30s - loss: 0.0036 - mse: 0.0036 - mae: 0.0219 - accuracy: 0.9813 - val_loss: 0.0036 - val_mse: 0.0036 - val_mae: 0.0220 - val_accuracy: 0.9805 - 30s/epoch - 15ms/step
Epoch 23/100
2019/2019 - 30s - loss: 0.0036 - mse: 0.0036 - mae: 0.0218 - accuracy: 0.9813 - val_loss: 0.0037 - val_mse: 0.0037 - val_mae: 0.0223 - val_accuracy: 0.9793 - 30s/epoch - 15ms/step
Epoch 24/100
2019/2019 - 31s - loss: 0.0036 - mse: 0.0036 - mae: 0.0218 - accuracy: 0.9814 - val_loss: 0.0036 - val_mse: 0.0036 - val_mae: 0.0220 - val_accuracy: 0.9812 - 31s/epoch - 15ms/step
Epoch 25/100
2019/2019 - 30s - loss: 0.0036 - mse: 0.0036 - mae: 0.0218 - accuracy: 0.9814 - val_loss: 0.0037 - val_mse: 0.0037 - val_mae: 0.0225 - val_accuracy: 0.9803 - 30s/epoch - 15ms/step
Epoch 26/100
2019/2019 - 31s - loss: 0.0036 - mse: 0.0036 - mae: 0.0218 - accuracy: 0.9814 - val_loss: 0.0037 - val_mse: 0.0037 - val_mae: 0.0220 - val_accuracy: 0.9802 - 31s/epoch - 15ms/step
Epoch 27/100
2019/2019 - 29s - loss: 0.0035 - mse: 0.0035 - mae: 0.0218 - accuracy: 0.9815 - val_loss: 0.0037 - val_mse: 0.0037 - val_mae: 0.0219 - val_accuracy: 0.9808 - 29s/epoch - 15ms/step
Epoch 28/100
2019/2019 - 30s - loss: 0.0035 - mse: 0.0035 - mae: 0.0217 - accuracy: 0.9816 - val_loss: 0.0036 - val_mse: 0.0036 - val_mae: 0.0220 - val_accuracy: 0.9799 - 30s/epoch - 15ms/step
Epoch 29/100
2019/2019 - 30s - loss: 0.0035 - mse: 0.0035 - mae: 0.0218 - accuracy: 0.9815 - val_loss: 0.0036 - val_mse: 0.0036 - val_mae: 0.0220 - val_accuracy: 0.9809 - 30s/epoch - 15ms/step
Epoch 30/100
2019/2019 - 30s - loss: 0.0035 - mse: 0.0035 - mae: 0.0217 - accuracy: 0.9815 - val_loss: 0.0037 - val_mse: 0.0037 - val_mae: 0.0220 - val_accuracy: 0.9804 - 30s/epoch - 15ms/step
Epoch 31/100
2019/2019 - 30s - loss: 0.0035 - mse: 0.0035 - mae: 0.0217 - accuracy: 0.9816 - val_loss: 0.0036 - val_mse: 0.0036 - val_mae: 0.0219 - val_accuracy: 0.9805 - 30s/epoch - 15ms/step
Epoch 32/100
2019/2019 - 30s - loss: 0.0035 - mse: 0.0035 - mae: 0.0217 - accuracy: 0.9815 - val_loss: 0.0036 - val_mse: 0.0036 - val_mae: 0.0219 - val_accuracy: 0.9814 - 30s/epoch - 15ms/step
Epoch 33/100
2019/2019 - 31s - loss: 0.0035 - mse: 0.0035 - mae: 0.0216 - accuracy: 0.9818 - val_loss: 0.0036 - val_mse: 0.0036 - val_mae: 0.0219 - val_accuracy: 0.9817 - 31s/epoch - 15ms/step
Epoch 34/100
2019/2019 - 30s - loss: 0.0035 - mse: 0.0035 - mae: 0.0215 - accuracy: 0.9819 - val_loss: 0.0036 - val_mse: 0.0036 - val_mae: 0.0220 - val_accuracy: 0.9812 - 30s/epoch - 15ms/step
Epoch 35/100
2019/2019 - 31s - loss: 0.0035 - mse: 0.0035 - mae: 0.0215 - accuracy: 0.9821 - val_loss: 0.0036 - val_mse: 0.0036 - val_mae: 0.0217 - val_accuracy: 0.9816 - 31s/epoch - 16ms/step
Epoch 36/100
2019/2019 - 30s - loss: 0.0035 - mse: 0.0035 - mae: 0.0214 - accuracy: 0.9822 - val_loss: 0.0036 - val_mse: 0.0036 - val_mae: 0.0215 - val_accuracy: 0.9819 - 30s/epoch - 15ms/step
Epoch 37/100
2019/2019 - 30s - loss: 0.0035 - mse: 0.0035 - mae: 0.0213 - accuracy: 0.9823 - val_loss: 0.0036 - val_mse: 0.0036 - val_mae: 0.0217 - val_accuracy: 0.9812 - 30s/epoch - 15ms/step
Epoch 38/100
2019/2019 - 30s - loss: 0.0034 - mse: 0.0034 - mae: 0.0213 - accuracy: 0.9825 - val_loss: 0.0036 - val_mse: 0.0036 - val_mae: 0.0217 - val_accuracy: 0.9802 - 30s/epoch - 15ms/step
Epoch 39/100
2019/2019 - 31s - loss: 0.0034 - mse: 0.0034 - mae: 0.0213 - accuracy: 0.9826 - val_loss: 0.0036 - val_mse: 0.0036 - val_mae: 0.0215 - val_accuracy: 0.9813 - 31s/epoch - 15ms/step
Epoch 40/100
2019/2019 - 30s - loss: 0.0034 - mse: 0.0034 - mae: 0.0212 - accuracy: 0.9827 - val_loss: 0.0036 - val_mse: 0.0036 - val_mae: 0.0216 - val_accuracy: 0.9820 - 30s/epoch - 15ms/step
Epoch 41/100
2019/2019 - 30s - loss: 0.0034 - mse: 0.0034 - mae: 0.0211 - accuracy: 0.9828 - val_loss: 0.0035 - val_mse: 0.0035 - val_mae: 0.0214 - val_accuracy: 0.9814 - 30s/epoch - 15ms/step
Epoch 42/100
