2023-05-29 23:18:51.771430: I tensorflow/core/platform/cpu_feature_guard.cc:193] This TensorFlow binary is optimized with oneAPI Deep Neural Network Library (oneDNN) to use the following CPU instructions in performance-critical operations:  AVX2 AVX512F FMA
To enable them in other operations, rebuild TensorFlow with the appropriate compiler flags.
2023-05-29 23:19:04.399348: E tensorflow/stream_executor/cuda/cuda_blas.cc:2981] Unable to register cuBLAS factory: Attempting to register factory for plugin cuBLAS when one has already been registered
2023-05-29 23:19:28.797043: W tensorflow/stream_executor/platform/default/dso_loader.cc:64] Could not load dynamic library 'libnvinfer.so.7'; dlerror: libnvinfer.so.7: cannot open shared object file: No such file or directory; LD_LIBRARY_PATH: :/jet/home/jlin96/.conda/envs/bair/lib/:/jet/home/jlin96/.conda/envs/bair/lib/
2023-05-29 23:19:28.797479: W tensorflow/stream_executor/platform/default/dso_loader.cc:64] Could not load dynamic library 'libnvinfer_plugin.so.7'; dlerror: libnvinfer_plugin.so.7: cannot open shared object file: No such file or directory; LD_LIBRARY_PATH: :/jet/home/jlin96/.conda/envs/bair/lib/:/jet/home/jlin96/.conda/envs/bair/lib/
2023-05-29 23:19:28.797490: W tensorflow/compiler/tf2tensorrt/utils/py_utils.cc:38] TF-TRT Warning: Cannot dlopen some TensorRT libraries. If you would like to use Nvidia GPU with TensorRT, please make sure the missing libraries mentioned above are installed properly.
2023-05-29 23:22:06.776960: I tensorflow/core/platform/cpu_feature_guard.cc:193] This TensorFlow binary is optimized with oneAPI Deep Neural Network Library (oneDNN) to use the following CPU instructions in performance-critical operations:  AVX2 AVX512F FMA
To enable them in other operations, rebuild TensorFlow with the appropriate compiler flags.
2023-05-29 23:22:09.588732: I tensorflow/core/common_runtime/gpu/gpu_device.cc:1616] Created device /job:localhost/replica:0/task:0/device:GPU:0 with 14615 MB memory:  -> device: 0, name: Tesla V100-SXM2-16GB, pci bus id: 0000:3a:00.0, compute capability: 7.0
<< set_environment START >>
node name: v025
procid:    2
oracle ip: v025
SY DEBUG: procid-2 / GPU-ID-2
KERASTUNER_TUNER_ID:    tuner-v025-2
KERASTUNER_ORACLE_IP:   v025.ib.bridges2.psc.edu
KERASTUNER_ORACLE_PORT: 8000
<< set_environment END >>
[PhysicalDevice(name='/physical_device:GPU:0', device_type='GPU')]
Model: "trial_model"
__________________________________________________________________________________________________
 Layer (type)                   Output Shape         Param #     Connected to                     
==================================================================================================
 input (InputLayer)             [(None, 124)]        0           []                               
                                                                                                  
 dense (Dense)                  (None, 128)          16000       ['input[0][0]']                  
                                                                                                  
 leaky_re_lu (LeakyReLU)        (None, 128)          0           ['dense[0][0]']                  
                                                                                                  
 dense_1 (Dense)                (None, 128)          16512       ['leaky_re_lu[0][0]']            
                                                                                                  
 leaky_re_lu_1 (LeakyReLU)      (None, 128)          0           ['dense_1[0][0]']                
                                                                                                  
 dense_2 (Dense)                (None, 128)          16512       ['leaky_re_lu_1[0][0]']          
                                                                                                  
 leaky_re_lu_2 (LeakyReLU)      (None, 128)          0           ['dense_2[0][0]']                
                                                                                                  
 dense_3 (Dense)                (None, 128)          16512       ['leaky_re_lu_2[0][0]']          
                                                                                                  
 leaky_re_lu_3 (LeakyReLU)      (None, 128)          0           ['dense_3[0][0]']                
                                                                                                  
 dense_4 (Dense)                (None, 128)          16512       ['leaky_re_lu_3[0][0]']          
                                                                                                  
 leaky_re_lu_4 (LeakyReLU)      (None, 128)          0           ['dense_4[0][0]']                
                                                                                                  
 dense_5 (Dense)                (None, 120)          15480       ['leaky_re_lu_4[0][0]']          
                                                                                                  
 dense_6 (Dense)                (None, 8)            1032        ['leaky_re_lu_4[0][0]']          
                                                                                                  
 concatenate (Concatenate)      (None, 128)          0           ['dense_5[0][0]',                
                                                                  'dense_6[0][0]']                
                                                                                                  
==================================================================================================
Total params: 98,560
Trainable params: 98,560
Non-trainable params: 0
__________________________________________________________________________________________________
None

Search: Running Trial #1

Value             |Best Value So Far |Hyperparameter
6                 |?                 |num_layers
768               |?                 |units_0
512               |?                 |units_1
640               |?                 |units_2
896               |?                 |units_3
320               |?                 |batch_size
Adam              |?                 |optimizer

Model: "trial_model"
__________________________________________________________________________________________________
 Layer (type)                   Output Shape         Param #     Connected to                     
==================================================================================================
 input (InputLayer)             [(None, 124)]        0           []                               
                                                                                                  
 dense (Dense)                  (None, 768)          96000       ['input[0][0]']                  
                                                                                                  
 leaky_re_lu (LeakyReLU)        (None, 768)          0           ['dense[0][0]']                  
                                                                                                  
 dense_1 (Dense)                (None, 512)          393728      ['leaky_re_lu[0][0]']            
                                                                                                  
 leaky_re_lu_1 (LeakyReLU)      (None, 512)          0           ['dense_1[0][0]']                
                                                                                                  
 dense_2 (Dense)                (None, 640)          328320      ['leaky_re_lu_1[0][0]']          
                                                                                                  
 leaky_re_lu_2 (LeakyReLU)      (None, 640)          0           ['dense_2[0][0]']                
                                                                                                  
 dense_3 (Dense)                (None, 896)          574336      ['leaky_re_lu_2[0][0]']          
                                                                                                  
 leaky_re_lu_3 (LeakyReLU)      (None, 896)          0           ['dense_3[0][0]']                
                                                                                                  
 dense_4 (Dense)                (None, 128)          114816      ['leaky_re_lu_3[0][0]']          
                                                                                                  
 leaky_re_lu_4 (LeakyReLU)      (None, 128)          0           ['dense_4[0][0]']                
                                                                                                  
 dense_5 (Dense)                (None, 128)          16512       ['leaky_re_lu_4[0][0]']          
                                                                                                  
 leaky_re_lu_5 (LeakyReLU)      (None, 128)          0           ['dense_5[0][0]']                
                                                                                                  
 dense_6 (Dense)                (None, 128)          16512       ['leaky_re_lu_5[0][0]']          
                                                                                                  
 leaky_re_lu_6 (LeakyReLU)      (None, 128)          0           ['dense_6[0][0]']                
                                                                                                  
 dense_7 (Dense)                (None, 120)          15480       ['leaky_re_lu_6[0][0]']          
                                                                                                  
 dense_8 (Dense)                (None, 8)            1032        ['leaky_re_lu_6[0][0]']          
                                                                                                  
 concatenate (Concatenate)      (None, 128)          0           ['dense_7[0][0]',                
                                                                  'dense_8[0][0]']                
                                                                                                  
==================================================================================================
Total params: 1,556,736
Trainable params: 1,556,736
Non-trainable params: 0
__________________________________________________________________________________________________
None
Epoch 1/100
2019/2019 - 32s - loss: 0.0117 - mse: 0.0117 - mae: 0.0330 - accuracy: 0.9448 - val_loss: 0.0108 - val_mse: 0.0108 - val_mae: 0.0299 - val_accuracy: 0.9585 - 32s/epoch - 16ms/step
Epoch 2/100
2019/2019 - 22s - loss: 0.0107 - mse: 0.0107 - mae: 0.0291 - accuracy: 0.9589 - val_loss: 0.0107 - val_mse: 0.0107 - val_mae: 0.0286 - val_accuracy: 0.9591 - 22s/epoch - 11ms/step
Epoch 3/100
2019/2019 - 23s - loss: 0.0106 - mse: 0.0106 - mae: 0.0282 - accuracy: 0.9593 - val_loss: 0.0106 - val_mse: 0.0106 - val_mae: 0.0279 - val_accuracy: 0.9596 - 23s/epoch - 11ms/step
Epoch 4/100
2019/2019 - 23s - loss: 0.0105 - mse: 0.0105 - mae: 0.0278 - accuracy: 0.9597 - val_loss: 0.0105 - val_mse: 0.0105 - val_mae: 0.0277 - val_accuracy: 0.9597 - 23s/epoch - 11ms/step
Epoch 5/100
2019/2019 - 22s - loss: 0.0105 - mse: 0.0105 - mae: 0.0275 - accuracy: 0.9598 - val_loss: 0.0105 - val_mse: 0.0105 - val_mae: 0.0277 - val_accuracy: 0.9597 - 22s/epoch - 11ms/step
Epoch 6/100
2019/2019 - 22s - loss: 0.0104 - mse: 0.0104 - mae: 0.0273 - accuracy: 0.9600 - val_loss: 0.0104 - val_mse: 0.0104 - val_mae: 0.0272 - val_accuracy: 0.9591 - 22s/epoch - 11ms/step
Epoch 7/100
2019/2019 - 23s - loss: 0.0104 - mse: 0.0104 - mae: 0.0271 - accuracy: 0.9601 - val_loss: 0.0105 - val_mse: 0.0105 - val_mae: 0.0275 - val_accuracy: 0.9595 - 23s/epoch - 12ms/step
Epoch 8/100
2019/2019 - 23s - loss: 0.0104 - mse: 0.0104 - mae: 0.0270 - accuracy: 0.9602 - val_loss: 0.0104 - val_mse: 0.0104 - val_mae: 0.0269 - val_accuracy: 0.9594 - 23s/epoch - 11ms/step
Epoch 9/100
2019/2019 - 23s - loss: 0.0104 - mse: 0.0104 - mae: 0.0269 - accuracy: 0.9602 - val_loss: 0.0104 - val_mse: 0.0104 - val_mae: 0.0268 - val_accuracy: 0.9600 - 23s/epoch - 12ms/step
Epoch 10/100
2019/2019 - 22s - loss: 0.0103 - mse: 0.0103 - mae: 0.0267 - accuracy: 0.9603 - val_loss: 0.0104 - val_mse: 0.0104 - val_mae: 0.0269 - val_accuracy: 0.9602 - 22s/epoch - 11ms/step
Epoch 11/100
2019/2019 - 23s - loss: 0.0103 - mse: 0.0103 - mae: 0.0267 - accuracy: 0.9603 - val_loss: 0.0104 - val_mse: 0.0104 - val_mae: 0.0269 - val_accuracy: 0.9577 - 23s/epoch - 11ms/step
Epoch 12/100
2019/2019 - 23s - loss: 0.0101 - mse: 0.0101 - mae: 0.0266 - accuracy: 0.9606 - val_loss: 0.0075 - val_mse: 0.0075 - val_mae: 0.0249 - val_accuracy: 0.9630 - 23s/epoch - 11ms/step
Epoch 13/100
2019/2019 - 22s - loss: 0.0074 - mse: 0.0074 - mae: 0.0246 - accuracy: 0.9673 - val_loss: 0.0075 - val_mse: 0.0075 - val_mae: 0.0248 - val_accuracy: 0.9664 - 22s/epoch - 11ms/step
Epoch 14/100
2019/2019 - 23s - loss: 0.0074 - mse: 0.0074 - mae: 0.0245 - accuracy: 0.9675 - val_loss: 0.0074 - val_mse: 0.0074 - val_mae: 0.0247 - val_accuracy: 0.9675 - 23s/epoch - 11ms/step
Epoch 15/100
2019/2019 - 23s - loss: 0.0074 - mse: 0.0074 - mae: 0.0245 - accuracy: 0.9676 - val_loss: 0.0075 - val_mse: 0.0075 - val_mae: 0.0246 - val_accuracy: 0.9666 - 23s/epoch - 11ms/step
Epoch 16/100
2019/2019 - 23s - loss: 0.0074 - mse: 0.0074 - mae: 0.0245 - accuracy: 0.9677 - val_loss: 0.0074 - val_mse: 0.0074 - val_mae: 0.0246 - val_accuracy: 0.9673 - 23s/epoch - 11ms/step
Epoch 17/100
2019/2019 - 23s - loss: 0.0074 - mse: 0.0074 - mae: 0.0244 - accuracy: 0.9677 - val_loss: 0.0074 - val_mse: 0.0074 - val_mae: 0.0245 - val_accuracy: 0.9669 - 23s/epoch - 11ms/step
Epoch 18/100
2019/2019 - 23s - loss: 0.0074 - mse: 0.0074 - mae: 0.0244 - accuracy: 0.9677 - val_loss: 0.0074 - val_mse: 0.0074 - val_mae: 0.0245 - val_accuracy: 0.9670 - 23s/epoch - 11ms/step
Epoch 19/100
2019/2019 - 23s - loss: 0.0074 - mse: 0.0074 - mae: 0.0244 - accuracy: 0.9677 - val_loss: 0.0074 - val_mse: 0.0074 - val_mae: 0.0247 - val_accuracy: 0.9672 - 23s/epoch - 11ms/step
Epoch 20/100
2019/2019 - 23s - loss: 0.0048 - mse: 0.0048 - mae: 0.0227 - accuracy: 0.9764 - val_loss: 0.0036 - val_mse: 0.0036 - val_mae: 0.0219 - val_accuracy: 0.9798 - 23s/epoch - 11ms/step
Epoch 21/100
2019/2019 - 23s - loss: 0.0035 - mse: 0.0035 - mae: 0.0217 - accuracy: 0.9812 - val_loss: 0.0036 - val_mse: 0.0036 - val_mae: 0.0219 - val_accuracy: 0.9812 - 23s/epoch - 11ms/step
Epoch 22/100
2019/2019 - 23s - loss: 0.0036 - mse: 0.0036 - mae: 0.0218 - accuracy: 0.9810 - val_loss: 0.0036 - val_mse: 0.0036 - val_mae: 0.0220 - val_accuracy: 0.9809 - 23s/epoch - 12ms/step
Epoch 23/100
2019/2019 - 22s - loss: 0.0035 - mse: 0.0035 - mae: 0.0216 - accuracy: 0.9814 - val_loss: 0.0036 - val_mse: 0.0036 - val_mae: 0.0218 - val_accuracy: 0.9813 - 22s/epoch - 11ms/step
Epoch 24/100
2019/2019 - 23s - loss: 0.0035 - mse: 0.0035 - mae: 0.0216 - accuracy: 0.9814 - val_loss: 0.0036 - val_mse: 0.0036 - val_mae: 0.0220 - val_accuracy: 0.9800 - 23s/epoch - 11ms/step
Epoch 25/100
2019/2019 - 24s - loss: 0.0035 - mse: 0.0035 - mae: 0.0216 - accuracy: 0.9815 - val_loss: 0.0036 - val_mse: 0.0036 - val_mae: 0.0219 - val_accuracy: 0.9814 - 24s/epoch - 12ms/step
Epoch 26/100
2019/2019 - 22s - loss: 0.0035 - mse: 0.0035 - mae: 0.0216 - accuracy: 0.9816 - val_loss: 0.0036 - val_mse: 0.0036 - val_mae: 0.0218 - val_accuracy: 0.9789 - 22s/epoch - 11ms/step
Epoch 27/100
2019/2019 - 23s - loss: 0.0035 - mse: 0.0035 - mae: 0.0216 - accuracy: 0.9816 - val_loss: 0.0036 - val_mse: 0.0036 - val_mae: 0.0220 - val_accuracy: 0.9816 - 23s/epoch - 11ms/step
Epoch 28/100
2019/2019 - 24s - loss: 0.0035 - mse: 0.0035 - mae: 0.0215 - accuracy: 0.9817 - val_loss: 0.0036 - val_mse: 0.0036 - val_mae: 0.0216 - val_accuracy: 0.9815 - 24s/epoch - 12ms/step
Epoch 29/100
2019/2019 - 22s - loss: 0.0035 - mse: 0.0035 - mae: 0.0216 - accuracy: 0.9816 - val_loss: 0.0036 - val_mse: 0.0036 - val_mae: 0.0217 - val_accuracy: 0.9817 - 22s/epoch - 11ms/step
Epoch 30/100
2019/2019 - 24s - loss: 0.0035 - mse: 0.0035 - mae: 0.0215 - accuracy: 0.9816 - val_loss: 0.0036 - val_mse: 0.0036 - val_mae: 0.0219 - val_accuracy: 0.9801 - 24s/epoch - 12ms/step
Epoch 31/100
2019/2019 - 23s - loss: 0.0035 - mse: 0.0035 - mae: 0.0215 - accuracy: 0.9817 - val_loss: 0.0036 - val_mse: 0.0036 - val_mae: 0.0216 - val_accuracy: 0.9819 - 23s/epoch - 11ms/step
Epoch 32/100
2019/2019 - 22s - loss: 0.0035 - mse: 0.0035 - mae: 0.0215 - accuracy: 0.9817 - val_loss: 0.0036 - val_mse: 0.0036 - val_mae: 0.0217 - val_accuracy: 0.9805 - 22s/epoch - 11ms/step
Epoch 33/100
2019/2019 - 23s - loss: 0.0035 - mse: 0.0035 - mae: 0.0215 - accuracy: 0.9818 - val_loss: 0.0036 - val_mse: 0.0036 - val_mae: 0.0215 - val_accuracy: 0.9813 - 23s/epoch - 11ms/step
Epoch 34/100
2019/2019 - 23s - loss: 0.0035 - mse: 0.0035 - mae: 0.0214 - accuracy: 0.9821 - val_loss: 0.0035 - val_mse: 0.0035 - val_mae: 0.0215 - val_accuracy: 0.9817 - 23s/epoch - 11ms/step
Epoch 35/100
2019/2019 - 23s - loss: 0.0035 - mse: 0.0035 - mae: 0.0213 - accuracy: 0.9822 - val_loss: 0.0035 - val_mse: 0.0035 - val_mae: 0.0216 - val_accuracy: 0.9821 - 23s/epoch - 11ms/step
Epoch 36/100
2019/2019 - 23s - loss: 0.0034 - mse: 0.0034 - mae: 0.0213 - accuracy: 0.9824 - val_loss: 0.0035 - val_mse: 0.0035 - val_mae: 0.0215 - val_accuracy: 0.9813 - 23s/epoch - 11ms/step
Epoch 37/100
2019/2019 - 23s - loss: 0.0034 - mse: 0.0034 - mae: 0.0212 - accuracy: 0.9824 - val_loss: 0.0036 - val_mse: 0.0036 - val_mae: 0.0215 - val_accuracy: 0.9812 - 23s/epoch - 11ms/step
Epoch 38/100
2019/2019 - 22s - loss: 0.0034 - mse: 0.0034 - mae: 0.0212 - accuracy: 0.9826 - val_loss: 0.0035 - val_mse: 0.0035 - val_mae: 0.0215 - val_accuracy: 0.9813 - 22s/epoch - 11ms/step
Epoch 39/100
2019/2019 - 21s - loss: 0.0034 - mse: 0.0034 - mae: 0.0212 - accuracy: 0.9826 - val_loss: 0.0035 - val_mse: 0.0035 - val_mae: 0.0215 - val_accuracy: 0.9818 - 21s/epoch - 11ms/step
Epoch 40/100
2019/2019 - 22s - loss: 0.0034 - mse: 0.0034 - mae: 0.0211 - accuracy: 0.9828 - val_loss: 0.0035 - val_mse: 0.0035 - val_mae: 0.0212 - val_accuracy: 0.9821 - 22s/epoch - 11ms/step
Epoch 41/100
2019/2019 - 22s - loss: 0.0034 - mse: 0.0034 - mae: 0.0210 - accuracy: 0.9829 - val_loss: 0.0035 - val_mse: 0.0035 - val_mae: 0.0213 - val_accuracy: 0.9820 - 22s/epoch - 11ms/step
Epoch 42/100
2019/2019 - 22s - loss: 0.0034 - mse: 0.0034 - mae: 0.0210 - accuracy: 0.9829 - val_loss: 0.0035 - val_mse: 0.0035 - val_mae: 0.0214 - val_accuracy: 0.9823 - 22s/epoch - 11ms/step
Epoch 43/100
2019/2019 - 23s - loss: 0.0034 - mse: 0.0034 - mae: 0.0210 - accuracy: 0.9830 - val_loss: 0.0035 - val_mse: 0.0035 - val_mae: 0.0213 - val_accuracy: 0.9810 - 23s/epoch - 11ms/step
Epoch 44/100
2019/2019 - 23s - loss: 0.0034 - mse: 0.0034 - mae: 0.0209 - accuracy: 0.9832 - val_loss: 0.0035 - val_mse: 0.0035 - val_mae: 0.0211 - val_accuracy: 0.9825 - 23s/epoch - 11ms/step
Epoch 45/100
2019/2019 - 23s - loss: 0.0034 - mse: 0.0034 - mae: 0.0208 - accuracy: 0.9833 - val_loss: 0.0035 - val_mse: 0.0035 - val_mae: 0.0211 - val_accuracy: 0.9821 - 23s/epoch - 11ms/step
Epoch 46/100
2019/2019 - 22s - loss: 0.0033 - mse: 0.0033 - mae: 0.0208 - accuracy: 0.9834 - val_loss: 0.0035 - val_mse: 0.0035 - val_mae: 0.0212 - val_accuracy: 0.9820 - 22s/epoch - 11ms/step
Epoch 47/100
2019/2019 - 23s - loss: 0.0033 - mse: 0.0033 - mae: 0.0208 - accuracy: 0.9835 - val_loss: 0.0035 - val_mse: 0.0035 - val_mae: 0.0211 - val_accuracy: 0.9827 - 23s/epoch - 11ms/step
Epoch 48/100
2019/2019 - 23s - loss: 0.0033 - mse: 0.0033 - mae: 0.0207 - accuracy: 0.9835 - val_loss: 0.0035 - val_mse: 0.0035 - val_mae: 0.0211 - val_accuracy: 0.9826 - 23s/epoch - 11ms/step
Epoch 49/100
2019/2019 - 22s - loss: 0.0033 - mse: 0.0033 - mae: 0.0207 - accuracy: 0.9836 - val_loss: 0.0035 - val_mse: 0.0035 - val_mae: 0.0212 - val_accuracy: 0.9828 - 22s/epoch - 11ms/step
Epoch 50/100
2019/2019 - 23s - loss: 0.0033 - mse: 0.0033 - mae: 0.0206 - accuracy: 0.9837 - val_loss: 0.0035 - val_mse: 0.0035 - val_mae: 0.0210 - val_accuracy: 0.9827 - 23s/epoch - 11ms/step
Epoch 51/100
2019/2019 - 23s - loss: 0.0033 - mse: 0.0033 - mae: 0.0206 - accuracy: 0.9838 - val_loss: 0.0035 - val_mse: 0.0035 - val_mae: 0.0210 - val_accuracy: 0.9830 - 23s/epoch - 12ms/step
Epoch 52/100
2019/2019 - 22s - loss: 0.0033 - mse: 0.0033 - mae: 0.0205 - accuracy: 0.9839 - val_loss: 0.0035 - val_mse: 0.0035 - val_mae: 0.0209 - val_accuracy: 0.9829 - 22s/epoch - 11ms/step
Epoch 53/100
2019/2019 - 23s - loss: 0.0033 - mse: 0.0033 - mae: 0.0205 - accuracy: 0.9840 - val_loss: 0.0035 - val_mse: 0.0035 - val_mae: 0.0208 - val_accuracy: 0.9828 - 23s/epoch - 11ms/step
Epoch 54/100
2019/2019 - 23s - loss: 0.0033 - mse: 0.0033 - mae: 0.0204 - accuracy: 0.9841 - val_loss: 0.0034 - val_mse: 0.0034 - val_mae: 0.0208 - val_accuracy: 0.9827 - 23s/epoch - 11ms/step
Epoch 55/100
2019/2019 - 23s - loss: 0.0033 - mse: 0.0033 - mae: 0.0204 - accuracy: 0.9843 - val_loss: 0.0035 - val_mse: 0.0035 - val_mae: 0.0208 - val_accuracy: 0.9830 - 23s/epoch - 11ms/step
Epoch 56/100
