2023-05-29 23:18:51.771382: I tensorflow/core/platform/cpu_feature_guard.cc:193] This TensorFlow binary is optimized with oneAPI Deep Neural Network Library (oneDNN) to use the following CPU instructions in performance-critical operations:  AVX2 AVX512F FMA
To enable them in other operations, rebuild TensorFlow with the appropriate compiler flags.
2023-05-29 23:19:04.399365: E tensorflow/stream_executor/cuda/cuda_blas.cc:2981] Unable to register cuBLAS factory: Attempting to register factory for plugin cuBLAS when one has already been registered
2023-05-29 23:19:28.797032: W tensorflow/stream_executor/platform/default/dso_loader.cc:64] Could not load dynamic library 'libnvinfer.so.7'; dlerror: libnvinfer.so.7: cannot open shared object file: No such file or directory; LD_LIBRARY_PATH: :/jet/home/jlin96/.conda/envs/bair/lib/:/jet/home/jlin96/.conda/envs/bair/lib/
2023-05-29 23:19:28.797473: W tensorflow/stream_executor/platform/default/dso_loader.cc:64] Could not load dynamic library 'libnvinfer_plugin.so.7'; dlerror: libnvinfer_plugin.so.7: cannot open shared object file: No such file or directory; LD_LIBRARY_PATH: :/jet/home/jlin96/.conda/envs/bair/lib/:/jet/home/jlin96/.conda/envs/bair/lib/
2023-05-29 23:19:28.797484: W tensorflow/compiler/tf2tensorrt/utils/py_utils.cc:38] TF-TRT Warning: Cannot dlopen some TensorRT libraries. If you would like to use Nvidia GPU with TensorRT, please make sure the missing libraries mentioned above are installed properly.
2023-05-29 23:22:06.776959: I tensorflow/core/platform/cpu_feature_guard.cc:193] This TensorFlow binary is optimized with oneAPI Deep Neural Network Library (oneDNN) to use the following CPU instructions in performance-critical operations:  AVX2 AVX512F FMA
To enable them in other operations, rebuild TensorFlow with the appropriate compiler flags.
2023-05-29 23:22:09.588733: I tensorflow/core/common_runtime/gpu/gpu_device.cc:1616] Created device /job:localhost/replica:0/task:0/device:GPU:0 with 14615 MB memory:  -> device: 0, name: Tesla V100-SXM2-16GB, pci bus id: 0000:3b:00.0, compute capability: 7.0
<< set_environment START >>
node name: v025
procid:    3
oracle ip: v025
SY DEBUG: procid-3 / GPU-ID-3
KERASTUNER_TUNER_ID:    tuner-v025-3
KERASTUNER_ORACLE_IP:   v025.ib.bridges2.psc.edu
KERASTUNER_ORACLE_PORT: 8000
<< set_environment END >>
[PhysicalDevice(name='/physical_device:GPU:0', device_type='GPU')]
Model: "trial_model"
__________________________________________________________________________________________________
 Layer (type)                   Output Shape         Param #     Connected to                     
==================================================================================================
 input (InputLayer)             [(None, 124)]        0           []                               
                                                                                                  
 dense (Dense)                  (None, 128)          16000       ['input[0][0]']                  
                                                                                                  
 leaky_re_lu (LeakyReLU)        (None, 128)          0           ['dense[0][0]']                  
                                                                                                  
 dense_1 (Dense)                (None, 128)          16512       ['leaky_re_lu[0][0]']            
                                                                                                  
 leaky_re_lu_1 (LeakyReLU)      (None, 128)          0           ['dense_1[0][0]']                
                                                                                                  
 dense_2 (Dense)                (None, 128)          16512       ['leaky_re_lu_1[0][0]']          
                                                                                                  
 leaky_re_lu_2 (LeakyReLU)      (None, 128)          0           ['dense_2[0][0]']                
                                                                                                  
 dense_3 (Dense)                (None, 128)          16512       ['leaky_re_lu_2[0][0]']          
                                                                                                  
 leaky_re_lu_3 (LeakyReLU)      (None, 128)          0           ['dense_3[0][0]']                
                                                                                                  
 dense_4 (Dense)                (None, 128)          16512       ['leaky_re_lu_3[0][0]']          
                                                                                                  
 leaky_re_lu_4 (LeakyReLU)      (None, 128)          0           ['dense_4[0][0]']                
                                                                                                  
 dense_5 (Dense)                (None, 120)          15480       ['leaky_re_lu_4[0][0]']          
                                                                                                  
 dense_6 (Dense)                (None, 8)            1032        ['leaky_re_lu_4[0][0]']          
                                                                                                  
 concatenate (Concatenate)      (None, 128)          0           ['dense_5[0][0]',                
                                                                  'dense_6[0][0]']                
                                                                                                  
==================================================================================================
Total params: 98,560
Trainable params: 98,560
Non-trainable params: 0
__________________________________________________________________________________________________
None

Search: Running Trial #3

Value             |Best Value So Far |Hyperparameter
9                 |?                 |num_layers
896               |?                 |units_0
896               |?                 |units_1
768               |?                 |units_2
256               |?                 |units_3
160               |?                 |batch_size
RAdam             |?                 |optimizer

Model: "trial_model"
__________________________________________________________________________________________________
 Layer (type)                   Output Shape         Param #     Connected to                     
==================================================================================================
 input (InputLayer)             [(None, 124)]        0           []                               
                                                                                                  
 dense (Dense)                  (None, 896)          112000      ['input[0][0]']                  
                                                                                                  
 leaky_re_lu (LeakyReLU)        (None, 896)          0           ['dense[0][0]']                  
                                                                                                  
 dense_1 (Dense)                (None, 896)          803712      ['leaky_re_lu[0][0]']            
                                                                                                  
 leaky_re_lu_1 (LeakyReLU)      (None, 896)          0           ['dense_1[0][0]']                
                                                                                                  
 dense_2 (Dense)                (None, 768)          688896      ['leaky_re_lu_1[0][0]']          
                                                                                                  
 leaky_re_lu_2 (LeakyReLU)      (None, 768)          0           ['dense_2[0][0]']                
                                                                                                  
 dense_3 (Dense)                (None, 256)          196864      ['leaky_re_lu_2[0][0]']          
                                                                                                  
 leaky_re_lu_3 (LeakyReLU)      (None, 256)          0           ['dense_3[0][0]']                
                                                                                                  
 dense_4 (Dense)                (None, 128)          32896       ['leaky_re_lu_3[0][0]']          
                                                                                                  
 leaky_re_lu_4 (LeakyReLU)      (None, 128)          0           ['dense_4[0][0]']                
                                                                                                  
 dense_5 (Dense)                (None, 128)          16512       ['leaky_re_lu_4[0][0]']          
                                                                                                  
 leaky_re_lu_5 (LeakyReLU)      (None, 128)          0           ['dense_5[0][0]']                
                                                                                                  
 dense_6 (Dense)                (None, 128)          16512       ['leaky_re_lu_5[0][0]']          
                                                                                                  
 leaky_re_lu_6 (LeakyReLU)      (None, 128)          0           ['dense_6[0][0]']                
                                                                                                  
 dense_7 (Dense)                (None, 128)          16512       ['leaky_re_lu_6[0][0]']          
                                                                                                  
 leaky_re_lu_7 (LeakyReLU)      (None, 128)          0           ['dense_7[0][0]']                
                                                                                                  
 dense_8 (Dense)                (None, 128)          16512       ['leaky_re_lu_7[0][0]']          
                                                                                                  
 leaky_re_lu_8 (LeakyReLU)      (None, 128)          0           ['dense_8[0][0]']                
                                                                                                  
 dense_9 (Dense)                (None, 128)          16512       ['leaky_re_lu_8[0][0]']          
                                                                                                  
 leaky_re_lu_9 (LeakyReLU)      (None, 128)          0           ['dense_9[0][0]']                
                                                                                                  
 dense_10 (Dense)               (None, 120)          15480       ['leaky_re_lu_9[0][0]']          
                                                                                                  
 dense_11 (Dense)               (None, 8)            1032        ['leaky_re_lu_9[0][0]']          
                                                                                                  
 concatenate (Concatenate)      (None, 128)          0           ['dense_10[0][0]',               
                                                                  'dense_11[0][0]']               
                                                                                                  
==================================================================================================
Total params: 1,933,440
Trainable params: 1,933,440
Non-trainable params: 0
__________________________________________________________________________________________________
None
Epoch 1/100
2019/2019 - 38s - loss: 0.0096 - mse: 0.0096 - mae: 0.0335 - accuracy: 0.8149 - val_loss: 0.0044 - val_mse: 0.0044 - val_mae: 0.0266 - val_accuracy: 0.9734 - 38s/epoch - 19ms/step
Epoch 2/100
2019/2019 - 28s - loss: 0.0042 - mse: 0.0042 - mae: 0.0257 - accuracy: 0.9745 - val_loss: 0.0041 - val_mse: 0.0041 - val_mae: 0.0251 - val_accuracy: 0.9764 - 28s/epoch - 14ms/step
Epoch 3/100
2019/2019 - 28s - loss: 0.0040 - mse: 0.0040 - mae: 0.0245 - accuracy: 0.9766 - val_loss: 0.0040 - val_mse: 0.0040 - val_mae: 0.0243 - val_accuracy: 0.9773 - 28s/epoch - 14ms/step
Epoch 4/100
2019/2019 - 30s - loss: 0.0039 - mse: 0.0039 - mae: 0.0239 - accuracy: 0.9777 - val_loss: 0.0039 - val_mse: 0.0039 - val_mae: 0.0236 - val_accuracy: 0.9781 - 30s/epoch - 15ms/step
Epoch 5/100
2019/2019 - 31s - loss: 0.0038 - mse: 0.0038 - mae: 0.0234 - accuracy: 0.9786 - val_loss: 0.0039 - val_mse: 0.0039 - val_mae: 0.0233 - val_accuracy: 0.9791 - 31s/epoch - 15ms/step
Epoch 6/100
2019/2019 - 28s - loss: 0.0038 - mse: 0.0038 - mae: 0.0232 - accuracy: 0.9792 - val_loss: 0.0039 - val_mse: 0.0039 - val_mae: 0.0236 - val_accuracy: 0.9792 - 28s/epoch - 14ms/step
Epoch 7/100
2019/2019 - 30s - loss: 0.0037 - mse: 0.0037 - mae: 0.0229 - accuracy: 0.9797 - val_loss: 0.0038 - val_mse: 0.0038 - val_mae: 0.0232 - val_accuracy: 0.9790 - 30s/epoch - 15ms/step
Epoch 8/100
2019/2019 - 30s - loss: 0.0037 - mse: 0.0037 - mae: 0.0227 - accuracy: 0.9800 - val_loss: 0.0037 - val_mse: 0.0037 - val_mae: 0.0228 - val_accuracy: 0.9795 - 30s/epoch - 15ms/step
Epoch 9/100
2019/2019 - 29s - loss: 0.0037 - mse: 0.0037 - mae: 0.0226 - accuracy: 0.9803 - val_loss: 0.0037 - val_mse: 0.0037 - val_mae: 0.0225 - val_accuracy: 0.9799 - 29s/epoch - 15ms/step
Epoch 10/100
2019/2019 - 30s - loss: 0.0037 - mse: 0.0037 - mae: 0.0225 - accuracy: 0.9806 - val_loss: 0.0037 - val_mse: 0.0037 - val_mae: 0.0227 - val_accuracy: 0.9809 - 30s/epoch - 15ms/step
Epoch 11/100
2019/2019 - 30s - loss: 0.0037 - mse: 0.0037 - mae: 0.0224 - accuracy: 0.9807 - val_loss: 0.0037 - val_mse: 0.0037 - val_mae: 0.0224 - val_accuracy: 0.9786 - 30s/epoch - 15ms/step
Epoch 12/100
2019/2019 - 30s - loss: 0.0036 - mse: 0.0036 - mae: 0.0223 - accuracy: 0.9808 - val_loss: 0.0037 - val_mse: 0.0037 - val_mae: 0.0225 - val_accuracy: 0.9798 - 30s/epoch - 15ms/step
Epoch 13/100
2019/2019 - 30s - loss: 0.0036 - mse: 0.0036 - mae: 0.0222 - accuracy: 0.9810 - val_loss: 0.0037 - val_mse: 0.0037 - val_mae: 0.0224 - val_accuracy: 0.9801 - 30s/epoch - 15ms/step
Epoch 14/100
2019/2019 - 30s - loss: 0.0036 - mse: 0.0036 - mae: 0.0221 - accuracy: 0.9811 - val_loss: 0.0037 - val_mse: 0.0037 - val_mae: 0.0223 - val_accuracy: 0.9798 - 30s/epoch - 15ms/step
Epoch 15/100
2019/2019 - 30s - loss: 0.0036 - mse: 0.0036 - mae: 0.0221 - accuracy: 0.9813 - val_loss: 0.0037 - val_mse: 0.0037 - val_mae: 0.0222 - val_accuracy: 0.9803 - 30s/epoch - 15ms/step
Epoch 16/100
2019/2019 - 30s - loss: 0.0036 - mse: 0.0036 - mae: 0.0220 - accuracy: 0.9813 - val_loss: 0.0036 - val_mse: 0.0036 - val_mae: 0.0219 - val_accuracy: 0.9815 - 30s/epoch - 15ms/step
Epoch 17/100
2019/2019 - 30s - loss: 0.0036 - mse: 0.0036 - mae: 0.0219 - accuracy: 0.9814 - val_loss: 0.0037 - val_mse: 0.0037 - val_mae: 0.0223 - val_accuracy: 0.9812 - 30s/epoch - 15ms/step
Epoch 18/100
2019/2019 - 29s - loss: 0.0036 - mse: 0.0036 - mae: 0.0219 - accuracy: 0.9815 - val_loss: 0.0037 - val_mse: 0.0037 - val_mae: 0.0221 - val_accuracy: 0.9812 - 29s/epoch - 14ms/step
Epoch 19/100
2019/2019 - 30s - loss: 0.0036 - mse: 0.0036 - mae: 0.0218 - accuracy: 0.9816 - val_loss: 0.0036 - val_mse: 0.0036 - val_mae: 0.0221 - val_accuracy: 0.9805 - 30s/epoch - 15ms/step
Epoch 20/100
2019/2019 - 30s - loss: 0.0036 - mse: 0.0036 - mae: 0.0218 - accuracy: 0.9816 - val_loss: 0.0036 - val_mse: 0.0036 - val_mae: 0.0221 - val_accuracy: 0.9816 - 30s/epoch - 15ms/step
Epoch 21/100
2019/2019 - 30s - loss: 0.0035 - mse: 0.0035 - mae: 0.0217 - accuracy: 0.9817 - val_loss: 0.0036 - val_mse: 0.0036 - val_mae: 0.0219 - val_accuracy: 0.9813 - 30s/epoch - 15ms/step
Epoch 22/100
2019/2019 - 30s - loss: 0.0035 - mse: 0.0035 - mae: 0.0217 - accuracy: 0.9817 - val_loss: 0.0037 - val_mse: 0.0037 - val_mae: 0.0220 - val_accuracy: 0.9809 - 30s/epoch - 15ms/step
Epoch 23/100
2019/2019 - 29s - loss: 0.0035 - mse: 0.0035 - mae: 0.0217 - accuracy: 0.9817 - val_loss: 0.0037 - val_mse: 0.0037 - val_mae: 0.0221 - val_accuracy: 0.9815 - 29s/epoch - 14ms/step
Epoch 24/100
2019/2019 - 30s - loss: 0.0035 - mse: 0.0035 - mae: 0.0216 - accuracy: 0.9818 - val_loss: 0.0037 - val_mse: 0.0037 - val_mae: 0.0218 - val_accuracy: 0.9805 - 30s/epoch - 15ms/step
Epoch 25/100
2019/2019 - 30s - loss: 0.0035 - mse: 0.0035 - mae: 0.0216 - accuracy: 0.9818 - val_loss: 0.0036 - val_mse: 0.0036 - val_mae: 0.0217 - val_accuracy: 0.9821 - 30s/epoch - 15ms/step
Epoch 26/100
2019/2019 - 30s - loss: 0.0035 - mse: 0.0035 - mae: 0.0216 - accuracy: 0.9819 - val_loss: 0.0036 - val_mse: 0.0036 - val_mae: 0.0217 - val_accuracy: 0.9817 - 30s/epoch - 15ms/step
Epoch 27/100
2019/2019 - 30s - loss: 0.0035 - mse: 0.0035 - mae: 0.0216 - accuracy: 0.9820 - val_loss: 0.0036 - val_mse: 0.0036 - val_mae: 0.0218 - val_accuracy: 0.9815 - 30s/epoch - 15ms/step
Epoch 28/100
2019/2019 - 29s - loss: 0.0035 - mse: 0.0035 - mae: 0.0216 - accuracy: 0.9820 - val_loss: 0.0036 - val_mse: 0.0036 - val_mae: 0.0218 - val_accuracy: 0.9821 - 29s/epoch - 15ms/step
Epoch 29/100
2019/2019 - 30s - loss: 0.0035 - mse: 0.0035 - mae: 0.0215 - accuracy: 0.9821 - val_loss: 0.0036 - val_mse: 0.0036 - val_mae: 0.0218 - val_accuracy: 0.9805 - 30s/epoch - 15ms/step
Epoch 30/100
2019/2019 - 28s - loss: 0.0035 - mse: 0.0035 - mae: 0.0215 - accuracy: 0.9821 - val_loss: 0.0036 - val_mse: 0.0036 - val_mae: 0.0217 - val_accuracy: 0.9814 - 28s/epoch - 14ms/step
Epoch 31/100
2019/2019 - 30s - loss: 0.0035 - mse: 0.0035 - mae: 0.0215 - accuracy: 0.9821 - val_loss: 0.0036 - val_mse: 0.0036 - val_mae: 0.0220 - val_accuracy: 0.9815 - 30s/epoch - 15ms/step
Epoch 32/100
2019/2019 - 30s - loss: 0.0035 - mse: 0.0035 - mae: 0.0215 - accuracy: 0.9821 - val_loss: 0.0036 - val_mse: 0.0036 - val_mae: 0.0217 - val_accuracy: 0.9818 - 30s/epoch - 15ms/step
Epoch 33/100
2019/2019 - 30s - loss: 0.0035 - mse: 0.0035 - mae: 0.0215 - accuracy: 0.9821 - val_loss: 0.0036 - val_mse: 0.0036 - val_mae: 0.0220 - val_accuracy: 0.9812 - 30s/epoch - 15ms/step
Epoch 34/100
2019/2019 - 30s - loss: 0.0035 - mse: 0.0035 - mae: 0.0215 - accuracy: 0.9821 - val_loss: 0.0036 - val_mse: 0.0036 - val_mae: 0.0219 - val_accuracy: 0.9799 - 30s/epoch - 15ms/step
Epoch 35/100
2019/2019 - 29s - loss: 0.0035 - mse: 0.0035 - mae: 0.0215 - accuracy: 0.9822 - val_loss: 0.0036 - val_mse: 0.0036 - val_mae: 0.0219 - val_accuracy: 0.9809 - 29s/epoch - 15ms/step
Epoch 36/100
2019/2019 - 31s - loss: 0.0035 - mse: 0.0035 - mae: 0.0215 - accuracy: 0.9822 - val_loss: 0.0036 - val_mse: 0.0036 - val_mae: 0.0217 - val_accuracy: 0.9816 - 31s/epoch - 15ms/step
Epoch 37/100
2019/2019 - 29s - loss: 0.0035 - mse: 0.0035 - mae: 0.0215 - accuracy: 0.9822 - val_loss: 0.0036 - val_mse: 0.0036 - val_mae: 0.0216 - val_accuracy: 0.9816 - 29s/epoch - 14ms/step
Epoch 38/100
2019/2019 - 30s - loss: 0.0035 - mse: 0.0035 - mae: 0.0215 - accuracy: 0.9822 - val_loss: 0.0036 - val_mse: 0.0036 - val_mae: 0.0216 - val_accuracy: 0.9816 - 30s/epoch - 15ms/step
Epoch 39/100
2019/2019 - 30s - loss: 0.0035 - mse: 0.0035 - mae: 0.0214 - accuracy: 0.9823 - val_loss: 0.0036 - val_mse: 0.0036 - val_mae: 0.0216 - val_accuracy: 0.9812 - 30s/epoch - 15ms/step
Epoch 40/100
2019/2019 - 30s - loss: 0.0035 - mse: 0.0035 - mae: 0.0214 - accuracy: 0.9823 - val_loss: 0.0036 - val_mse: 0.0036 - val_mae: 0.0216 - val_accuracy: 0.9819 - 30s/epoch - 15ms/step
Epoch 41/100
2019/2019 - 30s - loss: 0.0035 - mse: 0.0035 - mae: 0.0214 - accuracy: 0.9823 - val_loss: 0.0036 - val_mse: 0.0036 - val_mae: 0.0217 - val_accuracy: 0.9814 - 30s/epoch - 15ms/step
Epoch 42/100
2019/2019 - 29s - loss: 0.0035 - mse: 0.0035 - mae: 0.0214 - accuracy: 0.9823 - val_loss: 0.0036 - val_mse: 0.0036 - val_mae: 0.0220 - val_accuracy: 0.9819 - 29s/epoch - 14ms/step
Epoch 43/100
