2023-05-29 23:18:51.771433: I tensorflow/core/platform/cpu_feature_guard.cc:193] This TensorFlow binary is optimized with oneAPI Deep Neural Network Library (oneDNN) to use the following CPU instructions in performance-critical operations:  AVX2 AVX512F FMA
To enable them in other operations, rebuild TensorFlow with the appropriate compiler flags.
2023-05-29 23:19:04.399365: E tensorflow/stream_executor/cuda/cuda_blas.cc:2981] Unable to register cuBLAS factory: Attempting to register factory for plugin cuBLAS when one has already been registered
2023-05-29 23:19:28.797034: W tensorflow/stream_executor/platform/default/dso_loader.cc:64] Could not load dynamic library 'libnvinfer.so.7'; dlerror: libnvinfer.so.7: cannot open shared object file: No such file or directory; LD_LIBRARY_PATH: :/jet/home/jlin96/.conda/envs/bair/lib/:/jet/home/jlin96/.conda/envs/bair/lib/
2023-05-29 23:19:28.797471: W tensorflow/stream_executor/platform/default/dso_loader.cc:64] Could not load dynamic library 'libnvinfer_plugin.so.7'; dlerror: libnvinfer_plugin.so.7: cannot open shared object file: No such file or directory; LD_LIBRARY_PATH: :/jet/home/jlin96/.conda/envs/bair/lib/:/jet/home/jlin96/.conda/envs/bair/lib/
2023-05-29 23:19:28.797482: W tensorflow/compiler/tf2tensorrt/utils/py_utils.cc:38] TF-TRT Warning: Cannot dlopen some TensorRT libraries. If you would like to use Nvidia GPU with TensorRT, please make sure the missing libraries mentioned above are installed properly.
2023-05-29 23:22:06.776961: I tensorflow/core/platform/cpu_feature_guard.cc:193] This TensorFlow binary is optimized with oneAPI Deep Neural Network Library (oneDNN) to use the following CPU instructions in performance-critical operations:  AVX2 AVX512F FMA
To enable them in other operations, rebuild TensorFlow with the appropriate compiler flags.
2023-05-29 23:22:09.588727: I tensorflow/core/common_runtime/gpu/gpu_device.cc:1616] Created device /job:localhost/replica:0/task:0/device:GPU:0 with 14615 MB memory:  -> device: 0, name: Tesla V100-SXM2-16GB, pci bus id: 0000:15:00.0, compute capability: 7.0
<< set_environment START >>
node name: v025
procid:    0
oracle ip: v025
SY DEBUG: procid-0 / GPU-ID-0
KERASTUNER_TUNER_ID:    tuner-v025-0
KERASTUNER_ORACLE_IP:   v025.ib.bridges2.psc.edu
KERASTUNER_ORACLE_PORT: 8000
<< set_environment END >>
[PhysicalDevice(name='/physical_device:GPU:0', device_type='GPU')]
Model: "trial_model"
__________________________________________________________________________________________________
 Layer (type)                   Output Shape         Param #     Connected to                     
==================================================================================================
 input (InputLayer)             [(None, 124)]        0           []                               
                                                                                                  
 dense (Dense)                  (None, 128)          16000       ['input[0][0]']                  
                                                                                                  
 leaky_re_lu (LeakyReLU)        (None, 128)          0           ['dense[0][0]']                  
                                                                                                  
 dense_1 (Dense)                (None, 128)          16512       ['leaky_re_lu[0][0]']            
                                                                                                  
 leaky_re_lu_1 (LeakyReLU)      (None, 128)          0           ['dense_1[0][0]']                
                                                                                                  
 dense_2 (Dense)                (None, 128)          16512       ['leaky_re_lu_1[0][0]']          
                                                                                                  
 leaky_re_lu_2 (LeakyReLU)      (None, 128)          0           ['dense_2[0][0]']                
                                                                                                  
 dense_3 (Dense)                (None, 128)          16512       ['leaky_re_lu_2[0][0]']          
                                                                                                  
 leaky_re_lu_3 (LeakyReLU)      (None, 128)          0           ['dense_3[0][0]']                
                                                                                                  
 dense_4 (Dense)                (None, 128)          16512       ['leaky_re_lu_3[0][0]']          
                                                                                                  
 leaky_re_lu_4 (LeakyReLU)      (None, 128)          0           ['dense_4[0][0]']                
                                                                                                  
 dense_5 (Dense)                (None, 120)          15480       ['leaky_re_lu_4[0][0]']          
                                                                                                  
 dense_6 (Dense)                (None, 8)            1032        ['leaky_re_lu_4[0][0]']          
                                                                                                  
 concatenate (Concatenate)      (None, 128)          0           ['dense_5[0][0]',                
                                                                  'dense_6[0][0]']                
                                                                                                  
==================================================================================================
Total params: 98,560
Trainable params: 98,560
Non-trainable params: 0
__________________________________________________________________________________________________
None

Search: Running Trial #4

Value             |Best Value So Far |Hyperparameter
5                 |?                 |num_layers
768               |?                 |units_0
896               |?                 |units_1
256               |?                 |units_2
256               |?                 |units_3
640               |?                 |batch_size
Adam              |?                 |optimizer

Model: "trial_model"
__________________________________________________________________________________________________
 Layer (type)                   Output Shape         Param #     Connected to                     
==================================================================================================
 input (InputLayer)             [(None, 124)]        0           []                               
                                                                                                  
 dense (Dense)                  (None, 768)          96000       ['input[0][0]']                  
                                                                                                  
 leaky_re_lu (LeakyReLU)        (None, 768)          0           ['dense[0][0]']                  
                                                                                                  
 dense_1 (Dense)                (None, 896)          689024      ['leaky_re_lu[0][0]']            
                                                                                                  
 leaky_re_lu_1 (LeakyReLU)      (None, 896)          0           ['dense_1[0][0]']                
                                                                                                  
 dense_2 (Dense)                (None, 256)          229632      ['leaky_re_lu_1[0][0]']          
                                                                                                  
 leaky_re_lu_2 (LeakyReLU)      (None, 256)          0           ['dense_2[0][0]']                
                                                                                                  
 dense_3 (Dense)                (None, 256)          65792       ['leaky_re_lu_2[0][0]']          
                                                                                                  
 leaky_re_lu_3 (LeakyReLU)      (None, 256)          0           ['dense_3[0][0]']                
                                                                                                  
 dense_4 (Dense)                (None, 128)          32896       ['leaky_re_lu_3[0][0]']          
                                                                                                  
 leaky_re_lu_4 (LeakyReLU)      (None, 128)          0           ['dense_4[0][0]']                
                                                                                                  
 dense_5 (Dense)                (None, 128)          16512       ['leaky_re_lu_4[0][0]']          
                                                                                                  
 leaky_re_lu_5 (LeakyReLU)      (None, 128)          0           ['dense_5[0][0]']                
                                                                                                  
 dense_6 (Dense)                (None, 120)          15480       ['leaky_re_lu_5[0][0]']          
                                                                                                  
 dense_7 (Dense)                (None, 8)            1032        ['leaky_re_lu_5[0][0]']          
                                                                                                  
 concatenate (Concatenate)      (None, 128)          0           ['dense_6[0][0]',                
                                                                  'dense_7[0][0]']                
                                                                                                  
==================================================================================================
Total params: 1,146,368
Trainable params: 1,146,368
Non-trainable params: 0
__________________________________________________________________________________________________
None
Epoch 1/100
2019/2019 - 32s - loss: 0.0093 - mse: 0.0093 - mae: 0.0316 - accuracy: 0.9647 - val_loss: 0.0073 - val_mse: 0.0073 - val_mae: 0.0276 - val_accuracy: 0.9692 - 32s/epoch - 16ms/step
Epoch 2/100
2019/2019 - 20s - loss: 0.0071 - mse: 0.0071 - mae: 0.0267 - accuracy: 0.9731 - val_loss: 0.0070 - val_mse: 0.0070 - val_mae: 0.0263 - val_accuracy: 0.9738 - 20s/epoch - 10ms/step
Epoch 3/100
2019/2019 - 20s - loss: 0.0070 - mse: 0.0070 - mae: 0.0258 - accuracy: 0.9742 - val_loss: 0.0070 - val_mse: 0.0070 - val_mae: 0.0255 - val_accuracy: 0.9748 - 20s/epoch - 10ms/step
Epoch 4/100
2019/2019 - 21s - loss: 0.0069 - mse: 0.0069 - mae: 0.0254 - accuracy: 0.9749 - val_loss: 0.0069 - val_mse: 0.0069 - val_mae: 0.0253 - val_accuracy: 0.9738 - 21s/epoch - 11ms/step
Epoch 5/100
2019/2019 - 20s - loss: 0.0068 - mse: 0.0068 - mae: 0.0251 - accuracy: 0.9752 - val_loss: 0.0069 - val_mse: 0.0069 - val_mae: 0.0256 - val_accuracy: 0.9743 - 20s/epoch - 10ms/step
Epoch 6/100
2019/2019 - 19s - loss: 0.0068 - mse: 0.0068 - mae: 0.0248 - accuracy: 0.9754 - val_loss: 0.0068 - val_mse: 0.0068 - val_mae: 0.0250 - val_accuracy: 0.9754 - 19s/epoch - 10ms/step
Epoch 7/100
2019/2019 - 21s - loss: 0.0068 - mse: 0.0068 - mae: 0.0247 - accuracy: 0.9756 - val_loss: 0.0068 - val_mse: 0.0068 - val_mae: 0.0249 - val_accuracy: 0.9758 - 21s/epoch - 10ms/step
Epoch 8/100
2019/2019 - 20s - loss: 0.0067 - mse: 0.0067 - mae: 0.0245 - accuracy: 0.9757 - val_loss: 0.0067 - val_mse: 0.0067 - val_mae: 0.0243 - val_accuracy: 0.9764 - 20s/epoch - 10ms/step
Epoch 9/100
2019/2019 - 20s - loss: 0.0067 - mse: 0.0067 - mae: 0.0244 - accuracy: 0.9758 - val_loss: 0.0068 - val_mse: 0.0068 - val_mae: 0.0245 - val_accuracy: 0.9757 - 20s/epoch - 10ms/step
Epoch 10/100
2019/2019 - 20s - loss: 0.0067 - mse: 0.0067 - mae: 0.0243 - accuracy: 0.9759 - val_loss: 0.0068 - val_mse: 0.0068 - val_mae: 0.0246 - val_accuracy: 0.9754 - 20s/epoch - 10ms/step
Epoch 11/100
2019/2019 - 20s - loss: 0.0067 - mse: 0.0067 - mae: 0.0243 - accuracy: 0.9759 - val_loss: 0.0068 - val_mse: 0.0068 - val_mae: 0.0245 - val_accuracy: 0.9760 - 20s/epoch - 10ms/step
Epoch 12/100
2019/2019 - 20s - loss: 0.0050 - mse: 0.0050 - mae: 0.0232 - accuracy: 0.9778 - val_loss: 0.0037 - val_mse: 0.0037 - val_mae: 0.0222 - val_accuracy: 0.9791 - 20s/epoch - 10ms/step
Epoch 13/100
2019/2019 - 21s - loss: 0.0036 - mse: 0.0036 - mae: 0.0222 - accuracy: 0.9801 - val_loss: 0.0037 - val_mse: 0.0037 - val_mae: 0.0220 - val_accuracy: 0.9806 - 21s/epoch - 10ms/step
Epoch 14/100
2019/2019 - 20s - loss: 0.0036 - mse: 0.0036 - mae: 0.0221 - accuracy: 0.9803 - val_loss: 0.0037 - val_mse: 0.0037 - val_mae: 0.0222 - val_accuracy: 0.9790 - 20s/epoch - 10ms/step
Epoch 15/100
2019/2019 - 21s - loss: 0.0036 - mse: 0.0036 - mae: 0.0221 - accuracy: 0.9804 - val_loss: 0.0037 - val_mse: 0.0037 - val_mae: 0.0223 - val_accuracy: 0.9807 - 21s/epoch - 10ms/step
Epoch 16/100
2019/2019 - 20s - loss: 0.0036 - mse: 0.0036 - mae: 0.0220 - accuracy: 0.9805 - val_loss: 0.0037 - val_mse: 0.0037 - val_mae: 0.0224 - val_accuracy: 0.9790 - 20s/epoch - 10ms/step
Epoch 17/100
2019/2019 - 21s - loss: 0.0036 - mse: 0.0036 - mae: 0.0219 - accuracy: 0.9808 - val_loss: 0.0036 - val_mse: 0.0036 - val_mae: 0.0218 - val_accuracy: 0.9808 - 21s/epoch - 10ms/step
Epoch 18/100
2019/2019 - 21s - loss: 0.0036 - mse: 0.0036 - mae: 0.0218 - accuracy: 0.9811 - val_loss: 0.0036 - val_mse: 0.0036 - val_mae: 0.0218 - val_accuracy: 0.9808 - 21s/epoch - 10ms/step
Epoch 19/100
2019/2019 - 21s - loss: 0.0035 - mse: 0.0035 - mae: 0.0216 - accuracy: 0.9814 - val_loss: 0.0036 - val_mse: 0.0036 - val_mae: 0.0217 - val_accuracy: 0.9808 - 21s/epoch - 10ms/step
Epoch 20/100
2019/2019 - 21s - loss: 0.0035 - mse: 0.0035 - mae: 0.0215 - accuracy: 0.9817 - val_loss: 0.0036 - val_mse: 0.0036 - val_mae: 0.0215 - val_accuracy: 0.9813 - 21s/epoch - 10ms/step
Epoch 21/100
2019/2019 - 21s - loss: 0.0035 - mse: 0.0035 - mae: 0.0214 - accuracy: 0.9819 - val_loss: 0.0036 - val_mse: 0.0036 - val_mae: 0.0216 - val_accuracy: 0.9816 - 21s/epoch - 10ms/step
Epoch 22/100
2019/2019 - 21s - loss: 0.0035 - mse: 0.0035 - mae: 0.0213 - accuracy: 0.9821 - val_loss: 0.0036 - val_mse: 0.0036 - val_mae: 0.0214 - val_accuracy: 0.9815 - 21s/epoch - 10ms/step
Epoch 23/100
2019/2019 - 20s - loss: 0.0035 - mse: 0.0035 - mae: 0.0212 - accuracy: 0.9823 - val_loss: 0.0036 - val_mse: 0.0036 - val_mae: 0.0215 - val_accuracy: 0.9815 - 20s/epoch - 10ms/step
Epoch 24/100
2019/2019 - 20s - loss: 0.0035 - mse: 0.0035 - mae: 0.0211 - accuracy: 0.9825 - val_loss: 0.0035 - val_mse: 0.0035 - val_mae: 0.0213 - val_accuracy: 0.9819 - 20s/epoch - 10ms/step
Epoch 25/100
2019/2019 - 21s - loss: 0.0034 - mse: 0.0034 - mae: 0.0210 - accuracy: 0.9827 - val_loss: 0.0035 - val_mse: 0.0035 - val_mae: 0.0212 - val_accuracy: 0.9820 - 21s/epoch - 10ms/step
Epoch 26/100
2019/2019 - 21s - loss: 0.0034 - mse: 0.0034 - mae: 0.0209 - accuracy: 0.9829 - val_loss: 0.0035 - val_mse: 0.0035 - val_mae: 0.0211 - val_accuracy: 0.9826 - 21s/epoch - 10ms/step
Epoch 27/100
2019/2019 - 20s - loss: 0.0034 - mse: 0.0034 - mae: 0.0209 - accuracy: 0.9830 - val_loss: 0.0035 - val_mse: 0.0035 - val_mae: 0.0211 - val_accuracy: 0.9823 - 20s/epoch - 10ms/step
Epoch 28/100
2019/2019 - 20s - loss: 0.0034 - mse: 0.0034 - mae: 0.0207 - accuracy: 0.9833 - val_loss: 0.0035 - val_mse: 0.0035 - val_mae: 0.0211 - val_accuracy: 0.9821 - 20s/epoch - 10ms/step
Epoch 29/100
2019/2019 - 20s - loss: 0.0034 - mse: 0.0034 - mae: 0.0207 - accuracy: 0.9835 - val_loss: 0.0035 - val_mse: 0.0035 - val_mae: 0.0209 - val_accuracy: 0.9827 - 20s/epoch - 10ms/step
Epoch 30/100
2019/2019 - 21s - loss: 0.0034 - mse: 0.0034 - mae: 0.0206 - accuracy: 0.9837 - val_loss: 0.0034 - val_mse: 0.0034 - val_mae: 0.0207 - val_accuracy: 0.9832 - 21s/epoch - 10ms/step
Epoch 31/100
2019/2019 - 21s - loss: 0.0033 - mse: 0.0033 - mae: 0.0205 - accuracy: 0.9840 - val_loss: 0.0034 - val_mse: 0.0034 - val_mae: 0.0207 - val_accuracy: 0.9831 - 21s/epoch - 10ms/step
Epoch 32/100
2019/2019 - 20s - loss: 0.0033 - mse: 0.0033 - mae: 0.0204 - accuracy: 0.9841 - val_loss: 0.0034 - val_mse: 0.0034 - val_mae: 0.0207 - val_accuracy: 0.9831 - 20s/epoch - 10ms/step
Epoch 33/100
2019/2019 - 20s - loss: 0.0033 - mse: 0.0033 - mae: 0.0204 - accuracy: 0.9840 - val_loss: 0.0034 - val_mse: 0.0034 - val_mae: 0.0207 - val_accuracy: 0.9829 - 20s/epoch - 10ms/step
Epoch 34/100
2019/2019 - 21s - loss: 0.0033 - mse: 0.0033 - mae: 0.0205 - accuracy: 0.9839 - val_loss: 0.0034 - val_mse: 0.0034 - val_mae: 0.0208 - val_accuracy: 0.9830 - 21s/epoch - 10ms/step
Epoch 35/100
2019/2019 - 20s - loss: 0.0033 - mse: 0.0033 - mae: 0.0205 - accuracy: 0.9839 - val_loss: 0.0034 - val_mse: 0.0034 - val_mae: 0.0208 - val_accuracy: 0.9830 - 20s/epoch - 10ms/step
Epoch 36/100
2019/2019 - 20s - loss: 0.0033 - mse: 0.0033 - mae: 0.0206 - accuracy: 0.9838 - val_loss: 0.0034 - val_mse: 0.0034 - val_mae: 0.0208 - val_accuracy: 0.9828 - 20s/epoch - 10ms/step
Epoch 37/100
2019/2019 - 20s - loss: 0.0033 - mse: 0.0033 - mae: 0.0206 - accuracy: 0.9837 - val_loss: 0.0035 - val_mse: 0.0035 - val_mae: 0.0209 - val_accuracy: 0.9826 - 20s/epoch - 10ms/step
Epoch 38/100
2019/2019 - 19s - loss: 0.0034 - mse: 0.0034 - mae: 0.0206 - accuracy: 0.9836 - val_loss: 0.0035 - val_mse: 0.0035 - val_mae: 0.0210 - val_accuracy: 0.9829 - 19s/epoch - 10ms/step
Epoch 39/100
2019/2019 - 22s - loss: 0.0034 - mse: 0.0034 - mae: 0.0207 - accuracy: 0.9836 - val_loss: 0.0035 - val_mse: 0.0035 - val_mae: 0.0210 - val_accuracy: 0.9825 - 22s/epoch - 11ms/step
Epoch 40/100
2019/2019 - 21s - loss: 0.0034 - mse: 0.0034 - mae: 0.0207 - accuracy: 0.9835 - val_loss: 0.0035 - val_mse: 0.0035 - val_mae: 0.0210 - val_accuracy: 0.9829 - 21s/epoch - 10ms/step
Epoch 41/100
2019/2019 - 20s - loss: 0.0034 - mse: 0.0034 - mae: 0.0207 - accuracy: 0.9834 - val_loss: 0.0035 - val_mse: 0.0035 - val_mae: 0.0212 - val_accuracy: 0.9827 - 20s/epoch - 10ms/step
Epoch 42/100
2019/2019 - 21s - loss: 0.0034 - mse: 0.0034 - mae: 0.0208 - accuracy: 0.9834 - val_loss: 0.0035 - val_mse: 0.0035 - val_mae: 0.0210 - val_accuracy: 0.9821 - 21s/epoch - 10ms/step
[2K[2KTrial 4 Complete [00h 14m 50s]
val_loss: 0.003430643817409873

Best val_loss So Far: 0.003430643817409873
Total elapsed time: 00h 14m 50s

Search: Running Trial #5

Value             |Best Value So Far |Hyperparameter
11                |5                 |num_layers
768               |768               |units_0
640               |896               |units_1
256               |256               |units_2
512               |256               |units_3
768               |None              |units_4
1536              |640               |batch_size
RAdam             |Adam              |optimizer

Model: "trial_model"
__________________________________________________________________________________________________
 Layer (type)                   Output Shape         Param #     Connected to                     
==================================================================================================
 input (InputLayer)             [(None, 124)]        0           []                               
                                                                                                  
 dense (Dense)                  (None, 768)          96000       ['input[0][0]']                  
                                                                                                  
 leaky_re_lu (LeakyReLU)        (None, 768)          0           ['dense[0][0]']                  
                                                                                                  
 dense_1 (Dense)                (None, 640)          492160      ['leaky_re_lu[0][0]']            
                                                                                                  
 leaky_re_lu_1 (LeakyReLU)      (None, 640)          0           ['dense_1[0][0]']                
                                                                                                  
 dense_2 (Dense)                (None, 256)          164096      ['leaky_re_lu_1[0][0]']          
                                                                                                  
 leaky_re_lu_2 (LeakyReLU)      (None, 256)          0           ['dense_2[0][0]']                
                                                                                                  
 dense_3 (Dense)                (None, 512)          131584      ['leaky_re_lu_2[0][0]']          
                                                                                                  
 leaky_re_lu_3 (LeakyReLU)      (None, 512)          0           ['dense_3[0][0]']                
                                                                                                  
 dense_4 (Dense)                (None, 768)          393984      ['leaky_re_lu_3[0][0]']          
                                                                                                  
 leaky_re_lu_4 (LeakyReLU)      (None, 768)          0           ['dense_4[0][0]']                
                                                                                                  
 dense_5 (Dense)                (None, 128)          98432       ['leaky_re_lu_4[0][0]']          
                                                                                                  
 leaky_re_lu_5 (LeakyReLU)      (None, 128)          0           ['dense_5[0][0]']                
                                                                                                  
 dense_6 (Dense)                (None, 128)          16512       ['leaky_re_lu_5[0][0]']          
                                                                                                  
 leaky_re_lu_6 (LeakyReLU)      (None, 128)          0           ['dense_6[0][0]']                
                                                                                                  
 dense_7 (Dense)                (None, 128)          16512       ['leaky_re_lu_6[0][0]']          
                                                                                                  
 leaky_re_lu_7 (LeakyReLU)      (None, 128)          0           ['dense_7[0][0]']                
                                                                                                  
 dense_8 (Dense)                (None, 128)          16512       ['leaky_re_lu_7[0][0]']          
                                                                                                  
 leaky_re_lu_8 (LeakyReLU)      (None, 128)          0           ['dense_8[0][0]']                
                                                                                                  
 dense_9 (Dense)                (None, 128)          16512       ['leaky_re_lu_8[0][0]']          
                                                                                                  
 leaky_re_lu_9 (LeakyReLU)      (None, 128)          0           ['dense_9[0][0]']                
                                                                                                  
 dense_10 (Dense)               (None, 128)          16512       ['leaky_re_lu_9[0][0]']          
                                                                                                  
 leaky_re_lu_10 (LeakyReLU)     (None, 128)          0           ['dense_10[0][0]']               
                                                                                                  
 dense_11 (Dense)               (None, 128)          16512       ['leaky_re_lu_10[0][0]']         
                                                                                                  
 leaky_re_lu_11 (LeakyReLU)     (None, 128)          0           ['dense_11[0][0]']               
                                                                                                  
 dense_12 (Dense)               (None, 120)          15480       ['leaky_re_lu_11[0][0]']         
                                                                                                  
 dense_13 (Dense)               (None, 8)            1032        ['leaky_re_lu_11[0][0]']         
                                                                                                  
 concatenate (Concatenate)      (None, 128)          0           ['dense_12[0][0]',               
                                                                  'dense_13[0][0]']               
                                                                                                  
==================================================================================================
Total params: 1,491,840
Trainable params: 1,491,840
Non-trainable params: 0
__________________________________________________________________________________________________
None
Epoch 1/100
2019/2019 - 34s - loss: 0.0130 - mse: 0.0130 - mae: 0.0363 - accuracy: 0.9433 - val_loss: 0.0110 - val_mse: 0.0110 - val_mae: 0.0303 - val_accuracy: 0.9579 - 34s/epoch - 17ms/step
Epoch 2/100
2019/2019 - 28s - loss: 0.0108 - mse: 0.0108 - mae: 0.0297 - accuracy: 0.9586 - val_loss: 0.0108 - val_mse: 0.0108 - val_mae: 0.0291 - val_accuracy: 0.9588 - 28s/epoch - 14ms/step
Epoch 3/100
2019/2019 - 29s - loss: 0.0106 - mse: 0.0106 - mae: 0.0289 - accuracy: 0.9591 - val_loss: 0.0084 - val_mse: 0.0084 - val_mae: 0.0304 - val_accuracy: 0.9590 - 29s/epoch - 14ms/step
Epoch 4/100
2019/2019 - 28s - loss: 0.0078 - mse: 0.0078 - mae: 0.0266 - accuracy: 0.9647 - val_loss: 0.0078 - val_mse: 0.0078 - val_mae: 0.0264 - val_accuracy: 0.9652 - 28s/epoch - 14ms/step
Epoch 5/100
2019/2019 - 29s - loss: 0.0077 - mse: 0.0077 - mae: 0.0262 - accuracy: 0.9661 - val_loss: 0.0077 - val_mse: 0.0077 - val_mae: 0.0263 - val_accuracy: 0.9653 - 29s/epoch - 14ms/step
Epoch 6/100
2019/2019 - 29s - loss: 0.0077 - mse: 0.0077 - mae: 0.0259 - accuracy: 0.9663 - val_loss: 0.0077 - val_mse: 0.0077 - val_mae: 0.0258 - val_accuracy: 0.9665 - 29s/epoch - 15ms/step
Epoch 7/100
2019/2019 - 29s - loss: 0.0052 - mse: 0.0052 - mae: 0.0247 - accuracy: 0.9731 - val_loss: 0.0039 - val_mse: 0.0039 - val_mae: 0.0233 - val_accuracy: 0.9783 - 29s/epoch - 14ms/step
Epoch 8/100
2019/2019 - 29s - loss: 0.0038 - mse: 0.0038 - mae: 0.0228 - accuracy: 0.9793 - val_loss: 0.0038 - val_mse: 0.0038 - val_mae: 0.0229 - val_accuracy: 0.9762 - 29s/epoch - 14ms/step
Epoch 9/100
2019/2019 - 28s - loss: 0.0037 - mse: 0.0037 - mae: 0.0224 - accuracy: 0.9803 - val_loss: 0.0037 - val_mse: 0.0037 - val_mae: 0.0223 - val_accuracy: 0.9804 - 28s/epoch - 14ms/step
Epoch 10/100
2019/2019 - 29s - loss: 0.0036 - mse: 0.0036 - mae: 0.0221 - accuracy: 0.9810 - val_loss: 0.0037 - val_mse: 0.0037 - val_mae: 0.0221 - val_accuracy: 0.9807 - 29s/epoch - 14ms/step
Epoch 11/100
